<?xml version="1.0" encoding="UTF-8"?>
<testsuite xmlns:xsi="http://www.w3.org/2001/XMLSchema-instance" xsi:noNamespaceSchemaLocation="https://maven.apache.org/surefire/maven-surefire-plugin/xsd/surefire-test-report.xsd" name="ssvv.monitor.service.ServiceTest" time="0.281" tests="17" errors="0" skipped="0" failures="0">
  <properties>
[...]
</properties>
  <testcase name="addAssignment_invalidPrimire_throwsValidationException" classname="ssvv.monitor.service.ServiceTest" time="0.001"/>
  <testcase name="addStudent_groupNumberIsZero_isAdded" classname="ssvv.monitor.service.ServiceTest" time="0.009"/>
  <testcase name="addAssignment_invalidDescription_throwsValidationException" classname="ssvv.monitor.service.ServiceTest" time="0.013"/>
  <testcase name="addStudent_invalidStudentName_notAdded" classname="ssvv.monitor.service.ServiceTest" time="0.014"/>
  <testcase name="addStudent_groupNumberIsMinusOne_notAdded" classname="ssvv.monitor.service.ServiceTest" time="0.02"/>
  <testcase name="addAssignment_invalidDeadline_throwsValidationException" classname="ssvv.monitor.service.ServiceTest" time="0.017"/>
  <testcase name="addStudent_validStudentName_isAdded" classname="ssvv.monitor.service.ServiceTest" time="0.018"/>
  <testcase name="addAssignment_invalidID_throwsValidationException" classname="ssvv.monitor.service.ServiceTest" time="0.016"/>
  <testcase name="addAssignment_validAssignment_isAdded" classname="ssvv.monitor.service.ServiceTest" time="0.017"/>
  <testcase name="addStudent_validStudentGroup_isAdded" classname="ssvv.monitor.service.ServiceTest" time="0.015"/>
  <testcase name="addAssignment_alreadyExistingAssignment_notAdded" classname="ssvv.monitor.service.ServiceTest" time="0.02"/>
  <testcase name="addStudent_invalidStudentGroup_notAdded" classname="ssvv.monitor.service.ServiceTest" time="0.014"/>
  <testcase name="addStudent_invalidStudentId_notAdded" classname="ssvv.monitor.service.ServiceTest" time="0.016"/>
  <testcase name="addStudent_validStudentEmail_isAdded" classname="ssvv.monitor.service.ServiceTest" time="0.014"/>
  <testcase name="addAssignment_invalidDataAssignment_notAdded" classname="ssvv.monitor.service.ServiceTest" time="0.019"/>
  <testcase name="addStudent_invalidStudentEmail_notAdded" classname="ssvv.monitor.service.ServiceTest" time="0.023"/>
  <testcase name="addStudent_validStudentId_isAdded" classname="ssvv.monitor.service.ServiceTest" time="0.025"/>
</testsuite>